"E:/Programing Games/Just_Hit/Content/Data/Player_2_mesh/Player_2_Skeleton.uasset" 0
"E:/Programing Games/Just_Hit/Content/Data/Player_2_mesh/Player_2_Skeleton.uexp" 1
"../../../Engine/Content/Animation/DefaultAnimCurveCompressionSettings.uasset" 2
"../../../Engine/Content/Animation/DefaultAnimCurveCompressionSettings.uexp" 3
"../../../Engine/Content/Animation/DefaultAnimBoneCompressionSettings.uasset" 4
"../../../Engine/Content/Animation/DefaultAnimBoneCompressionSettings.uexp" 5
"E:/Programing Games/Just_Hit/Content/Data/Animations/Player_2/Movement/Bouncing_Fight_Idle.uasset" 6
"E:/Programing Games/Just_Hit/Content/Data/Animations/Player_2/Movement/Bouncing_Fight_Idle.uexp" 7
"E:/Programing Games/Just_Hit/Content/Data/Animations/Player_2/Movement/Jog_Strafe_Left.uasset" 8
"E:/Programing Games/Just_Hit/Content/Data/Animations/Player_2/Movement/Jog_Strafe_Left.uexp" 9
"E:/Programing Games/Just_Hit/Content/Data/Animations/Player_2/Movement/Jog_Strafe_Right.uasset" 10
"E:/Programing Games/Just_Hit/Content/Data/Animations/Player_2/Movement/Jog_Strafe_Right.uexp" 11
"E:/Programing Games/Just_Hit/Content/Data/Animations/Player_2/Movement/Walking_Backwards.uasset" 12
"E:/Programing Games/Just_Hit/Content/Data/Animations/Player_2/Movement/Walking_Backwards.uexp" 13
"E:/Programing Games/Just_Hit/Content/Data/Animations/Player_2/Movement/Walking_Forward.uasset" 14
"E:/Programing Games/Just_Hit/Content/Data/Animations/Player_2/Movement/Walking_Forward.uexp" 15
"E:/Programing Games/Just_Hit/Content/MultiPlayer/Player_2_Blend_Space.uasset" 16
"E:/Programing Games/Just_Hit/Content/MultiPlayer/Player_2_Blend_Space.uexp" 17
"E:/Programing Games/Just_Hit/Content/MultiPlayer/Player_2_Anim_BP.uasset" 18
"E:/Programing Games/Just_Hit/Content/MultiPlayer/Player_2_Anim_BP.uexp" 19
"E:/Programing Games/Just_Hit/Content/Data/Player_1_mesh/Player_1_Skeleton.uasset" 20
"E:/Programing Games/Just_Hit/Content/Data/Player_1_mesh/Player_1_Skeleton.uexp" 21
"E:/Programing Games/Just_Hit/Content/Data/Animations/Player_1/Movement/Bouncing_Fight_Idle.uasset" 22
"E:/Programing Games/Just_Hit/Content/Data/Animations/Player_1/Movement/Bouncing_Fight_Idle.uexp" 23
"E:/Programing Games/Just_Hit/Content/Data/Animations/Player_1/Movement/Jog_Strafe_Left.uasset" 24
"E:/Programing Games/Just_Hit/Content/Data/Animations/Player_1/Movement/Jog_Strafe_Left.uexp" 25
"E:/Programing Games/Just_Hit/Content/Data/Animations/Player_1/Movement/Jog_Strafe_Right.uasset" 26
"E:/Programing Games/Just_Hit/Content/Data/Animations/Player_1/Movement/Jog_Strafe_Right.uexp" 27
"E:/Programing Games/Just_Hit/Content/Data/Animations/Player_1/Movement/Walking_Backwards.uasset" 28
"E:/Programing Games/Just_Hit/Content/Data/Animations/Player_1/Movement/Walking_Backwards.uexp" 29
"E:/Programing Games/Just_Hit/Content/Data/Animations/Player_1/Movement/Walking_Forward.uasset" 30
"E:/Programing Games/Just_Hit/Content/Data/Animations/Player_1/Movement/Walking_Forward.uexp" 31
"E:/Programing Games/Just_Hit/Content/MultiPlayer/Player_1_Blend_Space.uasset" 32
"E:/Programing Games/Just_Hit/Content/MultiPlayer/Player_1_Blend_Space.uexp" 33
"E:/Programing Games/Just_Hit/Content/MultiPlayer/Player_1_Anim_BP.uasset" 34
"E:/Programing Games/Just_Hit/Content/MultiPlayer/Player_1_Anim_BP.uexp" 35
"../../../Engine/Content/EditorBlueprintResources/StandardMacros.uasset" 36
"../../../Engine/Content/EditorBlueprintResources/StandardMacros.uexp" 37
"E:/Programing Games/Just_Hit/Content/My_Game_Instance.uasset" 38
"E:/Programing Games/Just_Hit/Content/My_Game_Instance.uexp" 39
"E:/Programing Games/Just_Hit/Content/Data/Widget_BP/Win/Player_2_Win.uasset" 40
"E:/Programing Games/Just_Hit/Content/Data/Widget_BP/Win/Player_2_Win.uexp" 41
"E:/Programing Games/Just_Hit/Content/Data/Widget_BP/Out_Of_Bounce.uasset" 42
"E:/Programing Games/Just_Hit/Content/Data/Widget_BP/Out_Of_Bounce.uexp" 43
"E:/Programing Games/Just_Hit/Content/Data/Sounds/Punch_3.uasset" 44
"E:/Programing Games/Just_Hit/Content/Data/Sounds/Punch_3.uexp" 45
"E:/Programing Games/Just_Hit/Content/Data/Sounds/Punch_2.uasset" 46
"E:/Programing Games/Just_Hit/Content/Data/Sounds/Punch_2.uexp" 47
"E:/Programing Games/Just_Hit/Content/Data/Sounds/Punch_1.uasset" 48
"E:/Programing Games/Just_Hit/Content/Data/Sounds/Punch_1.uexp" 49
"E:/Programing Games/Just_Hit/Content/Data/Sounds/Punch_Cue.uasset" 50
"E:/Programing Games/Just_Hit/Content/Data/Sounds/Punch_Cue.uexp" 51
"E:/Programing Games/Just_Hit/Content/Data/Sounds/Kick_3.uasset" 52
"E:/Programing Games/Just_Hit/Content/Data/Sounds/Kick_3.uexp" 53
"E:/Programing Games/Just_Hit/Content/Data/Sounds/Kick_2.uasset" 54
"E:/Programing Games/Just_Hit/Content/Data/Sounds/Kick_2.uexp" 55
"E:/Programing Games/Just_Hit/Content/Data/Sounds/Kick_1.uasset" 56
"E:/Programing Games/Just_Hit/Content/Data/Sounds/Kick_1.uexp" 57
"E:/Programing Games/Just_Hit/Content/Data/Sounds/Kick_Cue.uasset" 58
"E:/Programing Games/Just_Hit/Content/Data/Sounds/Kick_Cue.uexp" 59
"E:/Programing Games/Just_Hit/Content/Data/Player_1_mesh/Player_1_Physics_Asset.uasset" 60
"E:/Programing Games/Just_Hit/Content/Data/Player_1_mesh/Player_1_Physics_Asset.uexp" 61
"E:/Programing Games/Just_Hit/Content/Data/Player_1_mesh/picka_002.uasset" 62
"E:/Programing Games/Just_Hit/Content/Data/Player_1_mesh/picka_002.uexp" 63
"E:/Programing Games/Just_Hit/Content/Data/Player_1_mesh/Material_006.uasset" 64
"E:/Programing Games/Just_Hit/Content/Data/Player_1_mesh/Material_006.uexp" 65
"E:/Programing Games/Just_Hit/Content/Data/Player_1_mesh/Material_005.uasset" 66
"E:/Programing Games/Just_Hit/Content/Data/Player_1_mesh/Material_005.uexp" 67
"E:/Programing Games/Just_Hit/Content/Data/Player_1_mesh/Material_004.uasset" 68
"E:/Programing Games/Just_Hit/Content/Data/Player_1_mesh/Material_004.uexp" 69
"E:/Programing Games/Just_Hit/Content/Data/Player_1_mesh/Material_003.uasset" 70
"E:/Programing Games/Just_Hit/Content/Data/Player_1_mesh/Material_003.uexp" 71
"E:/Programing Games/Just_Hit/Content/Data/Player_1_mesh/Material_002.uasset" 72
"E:/Programing Games/Just_Hit/Content/Data/Player_1_mesh/Material_002.uexp" 73
"E:/Programing Games/Just_Hit/Content/Data/Player_1_mesh/Material_001.uasset" 74
"E:/Programing Games/Just_Hit/Content/Data/Player_1_mesh/Material_001.uexp" 75
"E:/Programing Games/Just_Hit/Content/Data/Player_1_mesh/Player_1_Mesh.uasset" 76
"E:/Programing Games/Just_Hit/Content/Data/Player_1_mesh/Player_1_Mesh.uexp" 77
"E:/Programing Games/Just_Hit/Content/Out_Of_Bounce.uasset" 78
"E:/Programing Games/Just_Hit/Content/Out_Of_Bounce.uexp" 79
"E:/Programing Games/Just_Hit/Content/Data/Animations/Player_1/Reaction/Knocked_Out_Animation.uasset" 80
"E:/Programing Games/Just_Hit/Content/Data/Animations/Player_1/Reaction/Knocked_Out_Animation.uexp" 81
"E:/Programing Games/Just_Hit/Content/Data/Animations/Player_1/Reaction/Knocked_Out_Animation_Sweep.uasset" 82
"E:/Programing Games/Just_Hit/Content/Data/Animations/Player_1/Reaction/Knocked_Out_Animation_Sweep.uexp" 83
"E:/Programing Games/Just_Hit/Content/Data/Animations/Player_2/Reaction/Body_Hit_Animation_P2.uasset" 84
"E:/Programing Games/Just_Hit/Content/Data/Animations/Player_2/Reaction/Body_Hit_Animation_P2.uexp" 85
"E:/Programing Games/Just_Hit/Content/Data/Animations/Player_2/Reaction/Body_Hit_Montage_P2.uasset" 86
"E:/Programing Games/Just_Hit/Content/Data/Animations/Player_2/Reaction/Body_Hit_Montage_P2.uexp" 87
"E:/Programing Games/Just_Hit/Content/Data/Animations/Player_2/Reaction/Head_Hit_1_Animation_P2.uasset" 88
"E:/Programing Games/Just_Hit/Content/Data/Animations/Player_2/Reaction/Head_Hit_1_Animation_P2.uexp" 89
"E:/Programing Games/Just_Hit/Content/Data/Animations/Player_2/Reaction/Head_Hit_1_Montage_P2.uasset" 90
"E:/Programing Games/Just_Hit/Content/Data/Animations/Player_2/Reaction/Head_Hit_1_Montage_P2.uexp" 91
"E:/Programing Games/Just_Hit/Content/Data/Animations/Player_2/Reaction/Head_Hit_2_Animation_P2.uasset" 92
"E:/Programing Games/Just_Hit/Content/Data/Animations/Player_2/Reaction/Head_Hit_2_Animation_P2.uexp" 93
"E:/Programing Games/Just_Hit/Content/Data/Animations/Player_2/Reaction/Head_Hit_2_Montage_P2.uasset" 94
"E:/Programing Games/Just_Hit/Content/Data/Animations/Player_2/Reaction/Head_Hit_2_Montage_P2.uexp" 95
"E:/Programing Games/Just_Hit/Content/Data/Animations/Player_2/Reaction/Sweeped_Animation_P2.uasset" 96
"E:/Programing Games/Just_Hit/Content/Data/Animations/Player_2/Reaction/Sweeped_Animation_P2.uexp" 97
"E:/Programing Games/Just_Hit/Content/Data/Animations/Player_2/Reaction/Sweeped_Montage_P2.uasset" 98
"E:/Programing Games/Just_Hit/Content/Data/Animations/Player_2/Reaction/Sweeped_Montage_P2.uexp" 99
"E:/Programing Games/Just_Hit/Content/MultiPlayer/Player_1.uasset" 100
"E:/Programing Games/Just_Hit/Content/MultiPlayer/Player_1.uexp" 101
"E:/Programing Games/Just_Hit/Content/Data/Widget_BP/Win/Player_1_Win.uasset" 102
"E:/Programing Games/Just_Hit/Content/Data/Widget_BP/Win/Player_1_Win.uexp" 103
"E:/Programing Games/Just_Hit/Content/Data/Player_2_mesh/Player_2_PhysicsAsset.uasset" 104
"E:/Programing Games/Just_Hit/Content/Data/Player_2_mesh/Player_2_PhysicsAsset.uexp" 105
"E:/Programing Games/Just_Hit/Content/Data/Player_2_mesh/picka_002.uasset" 106
"E:/Programing Games/Just_Hit/Content/Data/Player_2_mesh/picka_002.uexp" 107
"E:/Programing Games/Just_Hit/Content/Data/Player_2_mesh/Material_006.uasset" 108
"E:/Programing Games/Just_Hit/Content/Data/Player_2_mesh/Material_006.uexp" 109
"E:/Programing Games/Just_Hit/Content/Data/Player_2_mesh/Material_005.uasset" 110
"E:/Programing Games/Just_Hit/Content/Data/Player_2_mesh/Material_005.uexp" 111
"E:/Programing Games/Just_Hit/Content/Data/Player_2_mesh/Material_004.uasset" 112
"E:/Programing Games/Just_Hit/Content/Data/Player_2_mesh/Material_004.uexp" 113
"E:/Programing Games/Just_Hit/Content/Data/Player_2_mesh/Material_003.uasset" 114
"E:/Programing Games/Just_Hit/Content/Data/Player_2_mesh/Material_003.uexp" 115
"E:/Programing Games/Just_Hit/Content/Data/Player_2_mesh/Material_002.uasset" 116
"E:/Programing Games/Just_Hit/Content/Data/Player_2_mesh/Material_002.uexp" 117
"E:/Programing Games/Just_Hit/Content/Data/Player_2_mesh/Material_001.uasset" 118
"E:/Programing Games/Just_Hit/Content/Data/Player_2_mesh/Material_001.uexp" 119
"E:/Programing Games/Just_Hit/Content/Data/Player_2_mesh/Player_2.uasset" 120
"E:/Programing Games/Just_Hit/Content/Data/Player_2_mesh/Player_2.uexp" 121
"E:/Programing Games/Just_Hit/Content/Data/Animations/Player_1/Reaction/Body_Hit_Animation.uasset" 122
"E:/Programing Games/Just_Hit/Content/Data/Animations/Player_1/Reaction/Body_Hit_Animation.uexp" 123
"E:/Programing Games/Just_Hit/Content/Data/Animations/Player_1/Reaction/Body_Hit_Montage.uasset" 124
"E:/Programing Games/Just_Hit/Content/Data/Animations/Player_1/Reaction/Body_Hit_Montage.uexp" 125
"E:/Programing Games/Just_Hit/Content/Data/Animations/Player_1/Reaction/Head_Hit_1_Animation.uasset" 126
"E:/Programing Games/Just_Hit/Content/Data/Animations/Player_1/Reaction/Head_Hit_1_Animation.uexp" 127
"E:/Programing Games/Just_Hit/Content/Data/Animations/Player_1/Reaction/Head_Hit_1_Montage.uasset" 128
"E:/Programing Games/Just_Hit/Content/Data/Animations/Player_1/Reaction/Head_Hit_1_Montage.uexp" 129
"E:/Programing Games/Just_Hit/Content/Data/Animations/Player_1/Reaction/Head_Hit_2_Animation.uasset" 130
"E:/Programing Games/Just_Hit/Content/Data/Animations/Player_1/Reaction/Head_Hit_2_Animation.uexp" 131
"E:/Programing Games/Just_Hit/Content/Data/Animations/Player_1/Reaction/Head_Hit_2_Montage.uasset" 132
"E:/Programing Games/Just_Hit/Content/Data/Animations/Player_1/Reaction/Head_Hit_2_Montage.uexp" 133
"E:/Programing Games/Just_Hit/Content/Data/Animations/Player_1/Reaction/Sweeped_Animation.uasset" 134
"E:/Programing Games/Just_Hit/Content/Data/Animations/Player_1/Reaction/Sweeped_Animation.uexp" 135
"E:/Programing Games/Just_Hit/Content/Data/Animations/Player_1/Reaction/Sweeped_Montage.uasset" 136
"E:/Programing Games/Just_Hit/Content/Data/Animations/Player_1/Reaction/Sweeped_Montage.uexp" 137
"E:/Programing Games/Just_Hit/Content/Data/Animations/Player_2/Reaction/Knocked_Out_Animation_P2.uasset" 138
"E:/Programing Games/Just_Hit/Content/Data/Animations/Player_2/Reaction/Knocked_Out_Animation_P2.uexp" 139
"E:/Programing Games/Just_Hit/Content/Data/Animations/Player_2/Reaction/Knocked_Out_Animation_Sweep_P2.uasset" 140
"E:/Programing Games/Just_Hit/Content/Data/Animations/Player_2/Reaction/Knocked_Out_Animation_Sweep_P2.uexp" 141
"E:/Programing Games/Just_Hit/Content/MultiPlayer/Player_2.uasset" 142
"E:/Programing Games/Just_Hit/Content/MultiPlayer/Player_2.uexp" 143
"E:/Programing Games/Just_Hit/Content/Data/Animations/Player_1/Elevate_Leg_Animation.uasset" 144
"E:/Programing Games/Just_Hit/Content/Data/Animations/Player_1/Elevate_Leg_Animation.uexp" 145
"E:/Programing Games/Just_Hit/Content/Data/Animations/Player_1/Elevate_Leg_Montage.uasset" 146
"E:/Programing Games/Just_Hit/Content/Data/Animations/Player_1/Elevate_Leg_Montage.uexp" 147
"E:/Programing Games/Just_Hit/Content/Data/Animations/Player_1/Block_Animation.uasset" 148
"E:/Programing Games/Just_Hit/Content/Data/Animations/Player_1/Block_Animation.uexp" 149
"E:/Programing Games/Just_Hit/Content/Data/Animations/Player_1/Block_Montage.uasset" 150
"E:/Programing Games/Just_Hit/Content/Data/Animations/Player_1/Block_Montage.uexp" 151
"E:/Programing Games/Just_Hit/Content/Data/Animations/Player_1/Punches/X_Punch_Animation.uasset" 152
"E:/Programing Games/Just_Hit/Content/Data/Animations/Player_1/Punches/X_Punch_Animation.uexp" 153
"E:/Programing Games/Just_Hit/Content/Data/Animations/Player_1/Punches/X_Punch_Montage.uasset" 154
"E:/Programing Games/Just_Hit/Content/Data/Animations/Player_1/Punches/X_Punch_Montage.uexp" 155
"E:/Programing Games/Just_Hit/Content/Data/Animations/Player_1/Kick/A_Kick_Animation.uasset" 156
"E:/Programing Games/Just_Hit/Content/Data/Animations/Player_1/Kick/A_Kick_Animation.uexp" 157
"E:/Programing Games/Just_Hit/Content/Data/Animations/Player_1/Kick/A_Kick_Montage.uasset" 158
"E:/Programing Games/Just_Hit/Content/Data/Animations/Player_1/Kick/A_Kick_Montage.uexp" 159
"E:/Programing Games/Just_Hit/Content/Data/Animations/Player_1/Kick/B_Kick_Animation.uasset" 160
"E:/Programing Games/Just_Hit/Content/Data/Animations/Player_1/Kick/B_Kick_Animation.uexp" 161
"E:/Programing Games/Just_Hit/Content/Data/Animations/Player_1/Kick/B_Kick_Montage.uasset" 162
"E:/Programing Games/Just_Hit/Content/Data/Animations/Player_1/Kick/B_Kick_Montage.uexp" 163
"E:/Programing Games/Just_Hit/Content/Data/Animations/Player_2/Elevate_Leg_Animation_P2.uasset" 164
"E:/Programing Games/Just_Hit/Content/Data/Animations/Player_2/Elevate_Leg_Animation_P2.uexp" 165
"E:/Programing Games/Just_Hit/Content/Data/Animations/Player_2/Elevate_Leg_Montage_P2.uasset" 166
"E:/Programing Games/Just_Hit/Content/Data/Animations/Player_2/Elevate_Leg_Montage_P2.uexp" 167
"E:/Programing Games/Just_Hit/Content/Data/Animations/Player_1/Kick/X_Kick_Animation.uasset" 168
"E:/Programing Games/Just_Hit/Content/Data/Animations/Player_1/Kick/X_Kick_Animation.uexp" 169
"E:/Programing Games/Just_Hit/Content/Data/Animations/Player_1/Kick/X_Kick_Montage.uasset" 170
"E:/Programing Games/Just_Hit/Content/Data/Animations/Player_1/Kick/X_Kick_Montage.uexp" 171
"E:/Programing Games/Just_Hit/Content/Data/Animations/Player_1/Kick/Y_Kick_Animation.uasset" 172
"E:/Programing Games/Just_Hit/Content/Data/Animations/Player_1/Kick/Y_Kick_Animation.uexp" 173
"E:/Programing Games/Just_Hit/Content/Data/Animations/Player_1/Kick/Y_Kick_Montage.uasset" 174
"E:/Programing Games/Just_Hit/Content/Data/Animations/Player_1/Kick/Y_Kick_Montage.uexp" 175
"E:/Programing Games/Just_Hit/Content/Data/Animations/Player_1/Movement/Bouncing_Fight_Idle_Montage.uasset" 176
"E:/Programing Games/Just_Hit/Content/Data/Animations/Player_1/Movement/Bouncing_Fight_Idle_Montage.uexp" 177
"E:/Programing Games/Just_Hit/Content/Data/Animations/Player_1/Punches/A_Punch_Animation.uasset" 178
"E:/Programing Games/Just_Hit/Content/Data/Animations/Player_1/Punches/A_Punch_Animation.uexp" 179
"E:/Programing Games/Just_Hit/Content/Data/Animations/Player_1/Punches/A_Punch_Montage.uasset" 180
"E:/Programing Games/Just_Hit/Content/Data/Animations/Player_1/Punches/A_Punch_Montage.uexp" 181
"E:/Programing Games/Just_Hit/Content/Data/Animations/Player_1/Punches/B_Punch_Animation.uasset" 182
"E:/Programing Games/Just_Hit/Content/Data/Animations/Player_1/Punches/B_Punch_Animation.uexp" 183
"E:/Programing Games/Just_Hit/Content/Data/Animations/Player_1/Punches/B_Punch_Montage.uasset" 184
"E:/Programing Games/Just_Hit/Content/Data/Animations/Player_1/Punches/B_Punch_Montage.uexp" 185
"E:/Programing Games/Just_Hit/Content/Data/Animations/Player_2/Block_Animation_P2.uasset" 186
"E:/Programing Games/Just_Hit/Content/Data/Animations/Player_2/Block_Animation_P2.uexp" 187
"E:/Programing Games/Just_Hit/Content/Data/Animations/Player_2/Block_Montage_P2.uasset" 188
"E:/Programing Games/Just_Hit/Content/Data/Animations/Player_2/Block_Montage_P2.uexp" 189
"E:/Programing Games/Just_Hit/Content/Data/Animations/Player_2/Punches/X_Punch_Animation_P2.uasset" 190
"E:/Programing Games/Just_Hit/Content/Data/Animations/Player_2/Punches/X_Punch_Animation_P2.uexp" 191
"E:/Programing Games/Just_Hit/Content/Data/Animations/Player_2/Punches/X_Punch_Montage_P2.uasset" 192
"E:/Programing Games/Just_Hit/Content/Data/Animations/Player_2/Punches/X_Punch_Montage_P2.uexp" 193
"E:/Programing Games/Just_Hit/Content/Data/Animations/Player_2/Kick/A_Kick_Animation_P2.uasset" 194
"E:/Programing Games/Just_Hit/Content/Data/Animations/Player_2/Kick/A_Kick_Animation_P2.uexp" 195
"E:/Programing Games/Just_Hit/Content/Data/Animations/Player_2/Kick/A_Kick_Montage_P2.uasset" 196
"E:/Programing Games/Just_Hit/Content/Data/Animations/Player_2/Kick/A_Kick_Montage_P2.uexp" 197
"E:/Programing Games/Just_Hit/Content/Data/Animations/Player_2/Kick/B_Kick_Animation_P2.uasset" 198
"E:/Programing Games/Just_Hit/Content/Data/Animations/Player_2/Kick/B_Kick_Animation_P2.uexp" 199
"E:/Programing Games/Just_Hit/Content/Data/Animations/Player_2/Kick/B_Kick_Montage_P2.uasset" 200
"E:/Programing Games/Just_Hit/Content/Data/Animations/Player_2/Kick/B_Kick_Montage_P2.uexp" 201
"E:/Programing Games/Just_Hit/Content/Data/Animations/Player_2/Kick/X_Kick_Animation_P2.uasset" 202
"E:/Programing Games/Just_Hit/Content/Data/Animations/Player_2/Kick/X_Kick_Animation_P2.uexp" 203
"E:/Programing Games/Just_Hit/Content/Data/Animations/Player_2/Kick/X_Kick_Montage_P2.uasset" 204
"E:/Programing Games/Just_Hit/Content/Data/Animations/Player_2/Kick/X_Kick_Montage_P2.uexp" 205
"E:/Programing Games/Just_Hit/Content/Data/Animations/Player_2/Kick/Y_Kick_Animation_P2.uasset" 206
"E:/Programing Games/Just_Hit/Content/Data/Animations/Player_2/Kick/Y_Kick_Animation_P2.uexp" 207
"E:/Programing Games/Just_Hit/Content/Data/Animations/Player_2/Kick/Y_Kick_Montage_P2.uasset" 208
"E:/Programing Games/Just_Hit/Content/Data/Animations/Player_2/Kick/Y_Kick_Montage_P2.uexp" 209
"E:/Programing Games/Just_Hit/Content/Data/Animations/Player_2/Movement/Bouncing_Fight_Idle_Montage_P2.uasset" 210
"E:/Programing Games/Just_Hit/Content/Data/Animations/Player_2/Movement/Bouncing_Fight_Idle_Montage_P2.uexp" 211
"E:/Programing Games/Just_Hit/Content/Data/Animations/Player_2/Punches/A_Punch_Animation_P2_.uasset" 212
"E:/Programing Games/Just_Hit/Content/Data/Animations/Player_2/Punches/A_Punch_Animation_P2_.uexp" 213
"E:/Programing Games/Just_Hit/Content/Data/Animations/Player_2/Punches/A_Punch_Montage_P2.uasset" 214
"E:/Programing Games/Just_Hit/Content/Data/Animations/Player_2/Punches/A_Punch_Montage_P2.uexp" 215
"E:/Programing Games/Just_Hit/Content/Data/Animations/Player_2/Punches/B_Punch_Animation_P2.uasset" 216
"E:/Programing Games/Just_Hit/Content/Data/Animations/Player_2/Punches/B_Punch_Animation_P2.uexp" 217
"E:/Programing Games/Just_Hit/Content/Data/Animations/Player_2/Punches/B_Punch_Montage_P2.uasset" 218
"E:/Programing Games/Just_Hit/Content/Data/Animations/Player_2/Punches/B_Punch_Montage_P2.uexp" 219
"E:/Programing Games/Just_Hit/Content/MultiPlayer/Player_Controler.uasset" 220
"E:/Programing Games/Just_Hit/Content/MultiPlayer/Player_Controler.uexp" 221
"E:/Programing Games/Just_Hit/Content/MultiPlayer/BPI_Game_Mode.uasset" 222
"E:/Programing Games/Just_Hit/Content/MultiPlayer/BPI_Game_Mode.uexp" 223
"E:/Programing Games/Just_Hit/Content/MultiPlayer/Input_Reciever.uasset" 224
"E:/Programing Games/Just_Hit/Content/MultiPlayer/Input_Reciever.uexp" 225
"E:/Programing Games/Just_Hit/Content/MultiPlayer/Game_Mode.uasset" 226
"E:/Programing Games/Just_Hit/Content/MultiPlayer/Game_Mode.uexp" 227
"E:/Programing Games/Just_Hit/Content/Data/Animations/Player_1/Reaction/Head_Hit_Animation.uasset" 228
"E:/Programing Games/Just_Hit/Content/Data/Animations/Player_1/Reaction/Head_Hit_Animation.uexp" 229
"E:/Programing Games/Just_Hit/Content/Data/Animations/Player_1/Reaction/Head_Hit_Montage.uasset" 230
"E:/Programing Games/Just_Hit/Content/Data/Animations/Player_1/Reaction/Head_Hit_Montage.uexp" 231
"E:/Programing Games/Just_Hit/Content/Data/Widget_BP/Win/Draw.uasset" 232
"E:/Programing Games/Just_Hit/Content/Data/Widget_BP/Win/Draw.uexp" 233
"E:/Programing Games/Just_Hit/Content/Data/Widget_BP/Health/Player_Bar_2.uasset" 234
"E:/Programing Games/Just_Hit/Content/Data/Widget_BP/Health/Player_Bar_2.uexp" 235
"E:/Programing Games/Just_Hit/Content/Data/Widget_BP/Health/Health_Full_2.uasset" 236
"E:/Programing Games/Just_Hit/Content/Data/Widget_BP/Health/Health_Full_2.uexp" 237
"E:/Programing Games/Just_Hit/Content/Data/Widget_BP/Health/Health_Full_1.uasset" 238
"E:/Programing Games/Just_Hit/Content/Data/Widget_BP/Health/Health_Full_1.uexp" 239
"E:/Programing Games/Just_Hit/Content/Data/Widget_BP/Health/Health_Empty_2.uasset" 240
"E:/Programing Games/Just_Hit/Content/Data/Widget_BP/Health/Health_Empty_2.uexp" 241
"E:/Programing Games/Just_Hit/Content/Data/Widget_BP/Health/Health_Empty_1.uasset" 242
"E:/Programing Games/Just_Hit/Content/Data/Widget_BP/Health/Health_Empty_1.uexp" 243
"E:/Programing Games/Just_Hit/Content/Data/Widget_BP/Health/Health_Bar_1.uasset" 244
"E:/Programing Games/Just_Hit/Content/Data/Widget_BP/Health/Health_Bar_1.uexp" 245
"E:/Programing Games/Just_Hit/Content/Data/Widget_BP/Health/Health.uasset" 246
"E:/Programing Games/Just_Hit/Content/Data/Widget_BP/Health/Health.uexp" 247
"../../../Engine/Content/EngineMaterials/T_Default_Material_Grid_N.uasset" 248
"../../../Engine/Content/EngineMaterials/T_Default_Material_Grid_N.uexp" 249
"../../../Engine/Content/EngineMaterials/T_Default_Material_Grid_N.ubulk" 250
"../../../Engine/Content/EngineMaterials/T_Default_Material_Grid_M.uasset" 251
"../../../Engine/Content/EngineMaterials/T_Default_Material_Grid_M.uexp" 252
"../../../Engine/Content/EngineMaterials/T_Default_Material_Grid_M.ubulk" 253
"../../../Engine/Content/Functions/Engine_MaterialFunctions01/Opacity/CameraDepthFade.uasset" 254
"../../../Engine/Content/Functions/Engine_MaterialFunctions01/Opacity/CameraDepthFade.uexp" 255
"../../../Engine/Content/EngineMaterials/WorldGridMaterial.uasset" 256
"../../../Engine/Content/EngineMaterials/WorldGridMaterial.uexp" 257
"../../../Engine/Content/ArtTools/RenderToTexture/Meshes/S_1_Unit_Plane.uasset" 258
"../../../Engine/Content/ArtTools/RenderToTexture/Meshes/S_1_Unit_Plane.uexp" 259
"../../../Engine/Content/EngineMaterials/DefaultMaterial.uasset" 260
"../../../Engine/Content/EngineMaterials/DefaultMaterial.uexp" 261
"../../../Engine/Content/BasicShapes/Cone.uasset" 262
"../../../Engine/Content/BasicShapes/Cone.uexp" 263
"../../../Engine/Content/BasicShapes/Plane.uasset" 264
"../../../Engine/Content/BasicShapes/Plane.uexp" 265
"../../../Engine/Content/BasicShapes/Sphere.uasset" 266
"../../../Engine/Content/BasicShapes/Sphere.uexp" 267
"../../../Engine/Content/EditorLandscapeResources/DataLayer.uasset" 268
"../../../Engine/Content/EditorLandscapeResources/DataLayer.uexp" 269
"../../../Engine/Content/EditorLandscapeResources/DefaultAlphaTexture.uasset" 270
"../../../Engine/Content/EditorLandscapeResources/DefaultAlphaTexture.uexp" 271
"../../../Engine/Content/EditorMaterials/MAT_Groups_Toggle.uasset" 272
"../../../Engine/Content/EditorMaterials/MAT_Groups_Toggle.uexp" 273
"../../../Engine/Content/EditorMaterials/MAT_Groups_Visibility.uasset" 274
"../../../Engine/Content/EditorMaterials/MAT_Groups_Visibility.uexp" 275
"../../../Engine/Content/EditorMaterials/PreviewShadowIndicator.uasset" 276
"../../../Engine/Content/EditorMaterials/PreviewShadowIndicator.uexp" 277
"../../../Engine/Content/EditorMaterials/PreviewShadowIndicator.ubulk" 278
"../../../Engine/Content/EditorMaterials/PreviewShadowIndicatorMaterial.uasset" 279
"../../../Engine/Content/EditorMaterials/PreviewShadowIndicatorMaterial.uexp" 280
"../../../Engine/Content/EditorMaterials/MatineeGroups/MAT_ColorTrack.uasset" 281
"../../../Engine/Content/EditorMaterials/MatineeGroups/MAT_ColorTrack.uexp" 282
"../../../Engine/Content/EditorMaterials/MatineeGroups/MAT_Groups_Anim.uasset" 283
"../../../Engine/Content/EditorMaterials/MatineeGroups/MAT_Groups_Anim.uexp" 284
"../../../Engine/Content/EditorMaterials/MatineeGroups/MAT_Groups_AudioMaster.uasset" 285
"../../../Engine/Content/EditorMaterials/MatineeGroups/MAT_Groups_AudioMaster.uexp" 286
"../../../Engine/Content/EditorMaterials/MatineeGroups/MAT_Groups_Director.uasset" 287
"../../../Engine/Content/EditorMaterials/MatineeGroups/MAT_Groups_Director.uexp" 288
"../../../Engine/Content/EditorMaterials/MatineeGroups/MAT_Groups_Event.uasset" 289
"../../../Engine/Content/EditorMaterials/MatineeGroups/MAT_Groups_Event.uexp" 290
"../../../Engine/Content/EditorMaterials/MatineeGroups/MAT_Groups_Fade.uasset" 291
"../../../Engine/Content/EditorMaterials/MatineeGroups/MAT_Groups_Fade.uexp" 292
"../../../Engine/Content/EditorMaterials/MatineeGroups/MAT_Groups_Float.uasset" 293
"../../../Engine/Content/EditorMaterials/MatineeGroups/MAT_Groups_Float.uexp" 294
"../../../Engine/Content/EditorMaterials/MatineeGroups/MAT_Groups_Move.uasset" 295
"../../../Engine/Content/EditorMaterials/MatineeGroups/MAT_Groups_Move.uexp" 296
"../../../Engine/Content/EditorMaterials/MatineeGroups/MAT_Groups_Slomo.uasset" 297
"../../../Engine/Content/EditorMaterials/MatineeGroups/MAT_Groups_Slomo.uexp" 298
"../../../Engine/Content/EditorMaterials/MatineeGroups/MAT_Groups_Sound.uasset" 299
"../../../Engine/Content/EditorMaterials/MatineeGroups/MAT_Groups_Sound.uexp" 300
"../../../Engine/Content/EditorMaterials/MatineeGroups/MAT_Groups_Vector.uasset" 301
"../../../Engine/Content/EditorMaterials/MatineeGroups/MAT_Groups_Vector.uexp" 302
"../../../Engine/Content/EditorMaterials/ParticleSystems/PSysThumbnail_NoImage.uasset" 303
"../../../Engine/Content/EditorMaterials/ParticleSystems/PSysThumbnail_NoImage.uexp" 304
"../../../Engine/Content/EditorMaterials/ParticleSystems/PSysThumbnail_NoImage.ubulk" 305
"../../../Engine/Content/EditorMaterials/ParticleSystems/PSysThumbnail_OOD.uasset" 306
"../../../Engine/Content/EditorMaterials/ParticleSystems/PSysThumbnail_OOD.uexp" 307
"../../../Engine/Content/EditorMaterials/ParticleSystems/PSysThumbnail_OOD.ubulk" 308
"../../../Engine/Content/EditorMaterials/Camera/CineMat.uasset" 309
"../../../Engine/Content/EditorMaterials/Camera/CineMat.uexp" 310
"../../../Engine/Content/EditorMaterials/Camera/MI_CineMat_Rig.uasset" 311
"../../../Engine/Content/EditorMaterials/Camera/MI_CineMat_Rig.uexp" 312
"../../../Engine/Content/EditorMeshes/Camera/SM_CraneRig_Arm.uasset" 313
"../../../Engine/Content/EditorMeshes/Camera/SM_CraneRig_Arm.uexp" 314
"../../../Engine/Content/EditorMeshes/Camera/SM_CraneRig_Base.uasset" 315
"../../../Engine/Content/EditorMeshes/Camera/SM_CraneRig_Base.uexp" 316
"../../../Engine/Content/EditorMeshes/Camera/SM_CraneRig_Body.uasset" 317
"../../../Engine/Content/EditorMeshes/Camera/SM_CraneRig_Body.uexp" 318
"../../../Engine/Content/EditorMeshes/Camera/SM_CraneRig_Mount.uasset" 319
"../../../Engine/Content/EditorMeshes/Camera/SM_CraneRig_Mount.uexp" 320
"../../../Engine/Content/EditorMeshes/Camera/SM_RailRig_Mount.uasset" 321
"../../../Engine/Content/EditorMeshes/Camera/SM_RailRig_Mount.uexp" 322
"../../../Engine/Content/EditorMeshes/Camera/SM_RailRig_Track.uasset" 323
"../../../Engine/Content/EditorMeshes/Camera/SM_RailRig_Track.uexp" 324
"../../../Engine/Content/EditorResources/BSPVertex.uasset" 325
"../../../Engine/Content/EditorResources/BSPVertex.uexp" 326
"../../../Engine/Content/EditorResources/EmptyActor.uasset" 327
"../../../Engine/Content/EditorResources/EmptyActor.uexp" 328
"../../../Engine/Content/EditorResources/S_Actor.uasset" 329
"../../../Engine/Content/EditorResources/S_Actor.uexp" 330
"../../../Engine/Content/EditorResources/S_Actor.ubulk" 331
"../../../Engine/Content/EditorResources/S_Note.uasset" 332
"../../../Engine/Content/EditorResources/S_Note.uexp" 333
"../../../Engine/Content/EditorResources/S_Note.ubulk" 334
"../../../Engine/Content/EditorResources/S_Solver.uasset" 335
"../../../Engine/Content/EditorResources/S_Solver.uexp" 336
"../../../Engine/Content/EditorResources/S_Solver.ubulk" 337
"../../../Engine/Content/EditorResources/S_Terrain.uasset" 338
"../../../Engine/Content/EditorResources/S_Terrain.uexp" 339
"../../../Engine/Content/EditorResources/S_Terrain.ubulk" 340
"../../../Engine/Content/EditorResources/S_Trigger.uasset" 341
"../../../Engine/Content/EditorResources/S_Trigger.uexp" 342
"../../../Engine/Content/EditorResources/S_Trigger.ubulk" 343
"../../../Engine/Content/EditorResources/LightIcons/S_LightError.uasset" 344
"../../../Engine/Content/EditorResources/LightIcons/S_LightError.uexp" 345
"../../../Engine/Content/EditorResources/SequenceRecorder/Countdown.uasset" 346
"../../../Engine/Content/EditorResources/SequenceRecorder/Countdown.uexp" 347
"../../../Engine/Content/EditorResources/SequenceRecorder/RecordingIndicator.uasset" 348
"../../../Engine/Content/EditorResources/SequenceRecorder/RecordingIndicator.uexp" 349
"../../../Engine/Content/EngineDamageTypes/DmgTypeBP_Environmental.uasset" 350
"../../../Engine/Content/EngineDamageTypes/DmgTypeBP_Environmental.uexp" 351
"../../../Engine/Content/EngineDebugMaterials/DebugEditorMaterial.uasset" 352
"../../../Engine/Content/EngineDebugMaterials/DebugEditorMaterial.uexp" 353
"../../../Engine/Content/EngineDebugMaterials/DebugMeshMaterial.uasset" 354
"../../../Engine/Content/EngineDebugMaterials/DebugMeshMaterial.uexp" 355
"../../../Engine/Content/EngineDebugMaterials/M_SimpleUnlitTranslucent.uasset" 356
"../../../Engine/Content/EngineDebugMaterials/M_SimpleUnlitTranslucent.uexp" 357
"../../../Engine/Content/EngineDebugMaterials/VolumeToRender.uasset" 358
"../../../Engine/Content/EngineDebugMaterials/VolumeToRender.uexp" 359
"../../../Engine/Content/Functions/Engine_MaterialFunctions02/Utility/CameraDirectionVector.uasset" 360
"../../../Engine/Content/Functions/Engine_MaterialFunctions02/Utility/CameraDirectionVector.uexp" 361
"../../../Engine/Content/EngineDebugMaterials/M_VolumeRenderSphereTracePP.uasset" 362
"../../../Engine/Content/EngineDebugMaterials/M_VolumeRenderSphereTracePP.uexp" 363
"../../../Engine/Content/Functions/Engine_MaterialFunctions01/Shading/ConvertFromDiffSpec.uasset" 364
"../../../Engine/Content/Functions/Engine_MaterialFunctions01/Shading/ConvertFromDiffSpec.uexp" 365
"../../../Engine/Content/EngineDebugMaterials/VertexColorMaterial.uasset" 366
"../../../Engine/Content/EngineDebugMaterials/VertexColorMaterial.uexp" 367
"../../../Engine/Content/EngineDebugMaterials/WireframeMaterial.uasset" 368
"../../../Engine/Content/EngineDebugMaterials/WireframeMaterial.uexp" 369
"../../../Engine/Content/EngineFonts/Faces/RobotoRegular.uasset" 370
"../../../Engine/Content/EngineFonts/Faces/RobotoRegular.uexp" 371
"../../../Engine/Content/EngineFonts/Faces/RobotoRegular.ufont" 372
"../../../Engine/Content/EngineFonts/Faces/RobotoLight.uasset" 373
"../../../Engine/Content/EngineFonts/Faces/RobotoLight.uexp" 374
"../../../Engine/Content/EngineFonts/Faces/RobotoLight.ufont" 375
"../../../Engine/Content/EngineFonts/Faces/RobotoItalic.uasset" 376
"../../../Engine/Content/EngineFonts/Faces/RobotoItalic.uexp" 377
"../../../Engine/Content/EngineFonts/Faces/RobotoItalic.ufont" 378
"../../../Engine/Content/EngineFonts/Faces/RobotoBoldItalic.uasset" 379
"../../../Engine/Content/EngineFonts/Faces/RobotoBoldItalic.uexp" 380
"../../../Engine/Content/EngineFonts/Faces/RobotoBoldItalic.ufont" 381
"../../../Engine/Content/EngineFonts/Faces/RobotoBold.uasset" 382
"../../../Engine/Content/EngineFonts/Faces/RobotoBold.uexp" 383
"../../../Engine/Content/EngineFonts/Faces/RobotoBold.ufont" 384
"../../../Engine/Content/EngineFonts/Faces/DroidSansFallback.uasset" 385
"../../../Engine/Content/EngineFonts/Faces/DroidSansFallback.uexp" 386
"../../../Engine/Content/EngineFonts/Faces/DroidSansFallback.ufont" 387
"../../../Engine/Content/EngineFonts/Roboto.uasset" 388
"../../../Engine/Content/EngineFonts/Roboto.uexp" 389
"../../../Engine/Content/EngineMaterials/BaseFlattenNormalMap.uasset" 390
"../../../Engine/Content/EngineMaterials/BaseFlattenNormalMap.uexp" 391
"../../../Engine/Content/EngineMaterials/BaseFlattenGrayscaleMap.uasset" 392
"../../../Engine/Content/EngineMaterials/BaseFlattenGrayscaleMap.uexp" 393
"../../../Engine/Content/EngineMaterials/BaseFlattenEmissiveMap.uasset" 394
"../../../Engine/Content/EngineMaterials/BaseFlattenEmissiveMap.uexp" 395
"../../../Engine/Content/EngineMaterials/BaseFlattenDiffuseMap.uasset" 396
"../../../Engine/Content/EngineMaterials/BaseFlattenDiffuseMap.uexp" 397
"../../../Engine/Content/EngineMaterials/BaseFlattenMaterial.uasset" 398
"../../../Engine/Content/EngineMaterials/BaseFlattenMaterial.uexp" 399
"../../../Engine/Content/EngineMaterials/BlueNoise.uasset" 400
"../../../Engine/Content/EngineMaterials/BlueNoise.uexp" 401
"../../../Engine/Content/EngineMaterials/DefaultBloomKernel.uasset" 402
"../../../Engine/Content/EngineMaterials/DefaultBloomKernel.uexp" 403
"../../../Engine/Content/EngineMaterials/DefaultBokeh.uasset" 404
"../../../Engine/Content/EngineMaterials/DefaultBokeh.uexp" 405
"../../../Engine/Content/EngineMaterials/DefaultDiffuse.uasset" 406
"../../../Engine/Content/EngineMaterials/DefaultDiffuse.uexp" 407
"../../../Engine/Content/EngineMaterials/DefaultDiffuse.ubulk" 408
"../../../Engine/Content/EngineMaterials/DefaultDeferredDecalMaterial.uasset" 409
"../../../Engine/Content/EngineMaterials/DefaultDeferredDecalMaterial.uexp" 410
"../../../Engine/Content/EngineMaterials/DefaultLightFunctionMaterial.uasset" 411
"../../../Engine/Content/EngineMaterials/DefaultLightFunctionMaterial.uexp" 412
"../../../Engine/Content/EngineMaterials/DefaultPhysicalMaterial.uasset" 413
"../../../Engine/Content/EngineMaterials/DefaultPhysicalMaterial.uexp" 414
"../../../Engine/Content/Functions/Engine_MaterialFunctions02/Utility/BreakOutFloat2Components.uasset" 415
"../../../Engine/Content/Functions/Engine_MaterialFunctions02/Utility/BreakOutFloat2Components.uexp" 416
"../../../Engine/Content/EngineMaterials/DefaultPostProcessMaterial.uasset" 417
"../../../Engine/Content/EngineMaterials/DefaultPostProcessMaterial.uexp" 418
"../../../Engine/Content/EngineFonts/RobotoDistanceField.uasset" 419
"../../../Engine/Content/EngineFonts/RobotoDistanceField.uexp" 420
"../../../Engine/Content/EngineMaterials/DefaultTextMaterialOpaque.uasset" 421
"../../../Engine/Content/EngineMaterials/DefaultTextMaterialOpaque.uexp" 422
"../../../Engine/Content/EngineMaterials/DefaultWhiteGrid.uasset" 423
"../../../Engine/Content/EngineMaterials/DefaultWhiteGrid.uexp" 424
"../../../Engine/Content/EngineMaterials/DefaultWhiteGrid.ubulk" 425
"../../../Engine/Content/EngineMaterials/DefaultWhiteGrid_Low.uasset" 426
"../../../Engine/Content/EngineMaterials/DefaultWhiteGrid_Low.uexp" 427
"../../../Engine/Content/EngineMaterials/EmissiveMeshMaterial.uasset" 428
"../../../Engine/Content/EngineMaterials/EmissiveMeshMaterial.uexp" 429
"../../../Engine/Content/EngineMaterials/GizmoMaterial.uasset" 430
"../../../Engine/Content/EngineMaterials/GizmoMaterial.uexp" 431
"../../../Engine/Content/EngineMaterials/Good64x64TilingNoiseHighFreq.uasset" 432
"../../../Engine/Content/EngineMaterials/Good64x64TilingNoiseHighFreq.uexp" 433
"../../../Engine/Content/EngineMaterials/MiniFont.uasset" 434
"../../../Engine/Content/EngineMaterials/MiniFont.uexp" 435
"../../../Engine/Content/EngineMaterials/InvalidLightmapSettings.uasset" 436
"../../../Engine/Content/EngineMaterials/InvalidLightmapSettings.uexp" 437
"../../../Engine/Content/EngineMaterials/InvalidLightmapSettings.ubulk" 438
"../../../Engine/Content/EngineMaterials/M_InvalidLightmapSettings.uasset" 439
"../../../Engine/Content/EngineMaterials/M_InvalidLightmapSettings.uexp" 440
"../../../Engine/Content/Functions/Engine_MaterialFunctions02/WorldPositionOffset/CameraOffset.uasset" 441
"../../../Engine/Content/Functions/Engine_MaterialFunctions02/WorldPositionOffset/CameraOffset.uexp" 442
"../../../Engine/Content/EngineMaterials/PhAT_JointLimitMaterial.uasset" 443
"../../../Engine/Content/EngineMaterials/PhAT_JointLimitMaterial.uexp" 444
"../../../Engine/Content/EngineMaterials/DefaultCalibrationColor.uasset" 445
"../../../Engine/Content/EngineMaterials/DefaultCalibrationColor.uexp" 446
"../../../Engine/Content/EngineMaterials/PPM_DefaultCalibrationColor.uasset" 447
"../../../Engine/Content/EngineMaterials/PPM_DefaultCalibrationColor.uexp" 448
"../../../Engine/Content/EngineMaterials/DefaultCalibrationGrayscale.uasset" 449
"../../../Engine/Content/EngineMaterials/DefaultCalibrationGrayscale.uexp" 450
"../../../Engine/Content/EngineMaterials/PPM_DefaultCalibrationGrayscale.uasset" 451
"../../../Engine/Content/EngineMaterials/PPM_DefaultCalibrationGrayscale.uexp" 452
"../../../Engine/Content/EngineMaterials/PreintegratedSkinBRDF.uasset" 453
"../../../Engine/Content/EngineMaterials/PreintegratedSkinBRDF.uexp" 454
"../../../Engine/Content/EngineMaterials/RemoveSurfaceMaterial.uasset" 455
"../../../Engine/Content/EngineMaterials/RemoveSurfaceMaterial.uexp" 456
"../../../Engine/Content/EngineMaterials/WeightMapPlaceholderTexture.uasset" 457
"../../../Engine/Content/EngineMaterials/WeightMapPlaceholderTexture.uexp" 458
"../../../Engine/Content/EngineResources/WhiteSquareTexture.uasset" 459
"../../../Engine/Content/EngineResources/WhiteSquareTexture.uexp" 460
"../../../Engine/Content/EngineMaterials/Widget3DPassThrough.uasset" 461
"../../../Engine/Content/EngineMaterials/Widget3DPassThrough.uexp" 462
"../../../Engine/Content/EngineMaterials/Widget3DPassThrough_Masked.uasset" 463
"../../../Engine/Content/EngineMaterials/Widget3DPassThrough_Masked.uexp" 464
"../../../Engine/Content/EngineMaterials/Widget3DPassThrough_Opaque.uasset" 465
"../../../Engine/Content/EngineMaterials/Widget3DPassThrough_Opaque.uexp" 466
"../../../Engine/Content/EngineMaterials/Widget3DPassThrough_Masked_OneSided.uasset" 467
"../../../Engine/Content/EngineMaterials/Widget3DPassThrough_Masked_OneSided.uexp" 468
"../../../Engine/Content/EngineMaterials/Widget3DPassThrough_Opaque_OneSided.uasset" 469
"../../../Engine/Content/EngineMaterials/Widget3DPassThrough_Opaque_OneSided.uexp" 470
"../../../Engine/Content/EngineMaterials/Widget3DPassThrough_Translucent.uasset" 471
"../../../Engine/Content/EngineMaterials/Widget3DPassThrough_Translucent.uexp" 472
"../../../Engine/Content/EngineMaterials/Widget3DPassThrough_Translucent_OneSided.uasset" 473
"../../../Engine/Content/EngineMaterials/Widget3DPassThrough_Translucent_OneSided.uexp" 474
"../../../Engine/Content/EngineMeshes/Cube.uasset" 475
"../../../Engine/Content/EngineMeshes/Cube.uexp" 476
"../../../Engine/Content/EngineMeshes/Cylinder.uasset" 477
"../../../Engine/Content/EngineMeshes/Cylinder.uexp" 478
"../../../Engine/Content/EngineMeshes/Sphere.uasset" 479
"../../../Engine/Content/EngineMeshes/Sphere.uexp" 480
"../../../Engine/Content/EngineResources/DefaultTexture.uasset" 481
"../../../Engine/Content/EngineResources/DefaultTexture.uexp" 482
"../../../Engine/Content/EngineResources/DefaultTexture.ubulk" 483
"../../../Engine/Content/EngineResources/DefaultTextureCube.uasset" 484
"../../../Engine/Content/EngineResources/DefaultTextureCube.uexp" 485
"../../../Engine/Content/EngineResources/DefaultVolumeTexture2D.uasset" 486
"../../../Engine/Content/EngineResources/DefaultVolumeTexture2D.uexp" 487
"../../../Engine/Content/EngineResources/DefaultVolumeTexture.uasset" 488
"../../../Engine/Content/EngineResources/DefaultVolumeTexture.uexp" 489
"../../../Engine/Content/EngineResources/GradientTexture0.uasset" 490
"../../../Engine/Content/EngineResources/GradientTexture0.uexp" 491
"../../../Engine/Content/EngineSky/VolumetricClouds/T_NoiseShape64.uasset" 492
"../../../Engine/Content/EngineSky/VolumetricClouds/T_NoiseShape64.uexp" 493
"../../../Engine/Content/EngineSky/VolumetricClouds/T_NoiseShape64.ubulk" 494
"../../../Engine/Content/EngineSky/VolumetricClouds/T_VolumeNoiseShape64.uasset" 495
"../../../Engine/Content/EngineSky/VolumetricClouds/T_VolumeNoiseShape64.uexp" 496
"../../../Engine/Content/EngineSky/VolumetricClouds/T_NoiseErosion.uasset" 497
"../../../Engine/Content/EngineSky/VolumetricClouds/T_NoiseErosion.uexp" 498
"../../../Engine/Content/EngineSky/VolumetricClouds/T_NoiseErosion.ubulk" 499
"../../../Engine/Content/EngineSky/VolumetricClouds/T_VolumeNoiseErosion32.uasset" 500
"../../../Engine/Content/EngineSky/VolumetricClouds/T_VolumeNoiseErosion32.uexp" 501
"../../../Engine/Content/EngineSky/VolumetricClouds/CloudWeatherTexture.uasset" 502
"../../../Engine/Content/EngineSky/VolumetricClouds/CloudWeatherTexture.uexp" 503
"../../../Engine/Content/EngineSky/VolumetricClouds/CloudGradientTexture.uasset" 504
"../../../Engine/Content/EngineSky/VolumetricClouds/CloudGradientTexture.uexp" 505
"../../../Engine/Content/Functions/Engine_MaterialFunctions02/Utility/MakeFloat2.uasset" 506
"../../../Engine/Content/Functions/Engine_MaterialFunctions02/Utility/MakeFloat2.uexp" 507
"../../../Engine/Content/EngineSky/VolumetricClouds/m_SimpleVolumetricCloud.uasset" 508
"../../../Engine/Content/EngineSky/VolumetricClouds/m_SimpleVolumetricCloud.uexp" 509
"../../../Engine/Content/EngineSky/VolumetricClouds/m_SimpleVolumetricCloud_Inst.uasset" 510
"../../../Engine/Content/EngineSky/VolumetricClouds/m_SimpleVolumetricCloud_Inst.uexp" 511
"../../../Engine/Content/EngineSounds/Master.uasset" 512
"../../../Engine/Content/EngineSounds/Master.uexp" 513
"../../../Engine/Content/Functions/Engine_MaterialFunctions01/Shading/PowerToRoughness.uasset" 514
"../../../Engine/Content/Functions/Engine_MaterialFunctions01/Shading/PowerToRoughness.uexp" 515
"../../../Engine/Content/Maps/Templates/Thumbnails/Default.uasset" 516
"../../../Engine/Content/Maps/Templates/Thumbnails/Default.uexp" 517
"../../../Engine/Content/Maps/Templates/Thumbnails/TimeOfDay.uasset" 518
"../../../Engine/Content/Maps/Templates/Thumbnails/TimeOfDay.uexp" 519
"../../../Engine/Content/Maps/Templates/Thumbnails/VR-Basic.uasset" 520
"../../../Engine/Content/Maps/Templates/Thumbnails/VR-Basic.uexp" 521
"../../../Engine/Content/MobileResources/T_MobileControls_texture.uasset" 522
"../../../Engine/Content/MobileResources/T_MobileControls_texture.uexp" 523
"../../../Engine/Content/MobileResources/T_MobileMenu2.uasset" 524
"../../../Engine/Content/MobileResources/T_MobileMenu2.uexp" 525
"../../../Engine/Content/MobileResources/HUD/AnalogHat.uasset" 526
"../../../Engine/Content/MobileResources/HUD/AnalogHat.uexp" 527
"../../../Engine/Content/MobileResources/HUD/VirtualJoystick_Thumb.uasset" 528
"../../../Engine/Content/MobileResources/HUD/VirtualJoystick_Thumb.uexp" 529
"../../../Engine/Content/MobileResources/HUD/VirtualJoystick_Background.uasset" 530
"../../../Engine/Content/MobileResources/HUD/VirtualJoystick_Background.uexp" 531
"../../../Engine/Content/MobileResources/HUD/DefaultVirtualJoysticks.uasset" 532
"../../../Engine/Content/MobileResources/HUD/DefaultVirtualJoysticks.uexp" 533
"../../../Engine/Content/MobileResources/HUD/LeftVirtualJoystickOnly.uasset" 534
"../../../Engine/Content/MobileResources/HUD/LeftVirtualJoystickOnly.uexp" 535
"../../../Engine/Content/MobileResources/HUD/MobileHUDButton1_off.uasset" 536
"../../../Engine/Content/MobileResources/HUD/MobileHUDButton1_off.uexp" 537
"../../../Engine/Content/MobileResources/HUD/MobileHUDButton1_on.uasset" 538
"../../../Engine/Content/MobileResources/HUD/MobileHUDButton1_on.uexp" 539
"../../../Engine/Content/MobileResources/HUD/MobileHUDButton2_off.uasset" 540
"../../../Engine/Content/MobileResources/HUD/MobileHUDButton2_off.uexp" 541
"../../../Engine/Content/MobileResources/HUD/MobileHUDButton2_on.uasset" 542
"../../../Engine/Content/MobileResources/HUD/MobileHUDButton2_on.uexp" 543
"../../../Engine/Content/MobileResources/HUD/MobileHUDButton3.uasset" 544
"../../../Engine/Content/MobileResources/HUD/MobileHUDButton3.uexp" 545
"../../../Engine/Content/MobileResources/HUD/MobileHUDButtonFire.uasset" 546
"../../../Engine/Content/MobileResources/HUD/MobileHUDButtonFire.uexp" 547
"../../../Engine/Content/MobileResources/HUD/MobileHUDDirectionPad.uasset" 548
"../../../Engine/Content/MobileResources/HUD/MobileHUDDirectionPad.uexp" 549
"../../../Engine/Content/MobileResources/HUD/MobileHUDDirectionPad2.uasset" 550
"../../../Engine/Content/MobileResources/HUD/MobileHUDDirectionPad2.uexp" 551
"../../../Engine/Content/MobileResources/HUD/MobileHUDDirectionPad3.uasset" 552
"../../../Engine/Content/MobileResources/HUD/MobileHUDDirectionPad3.uexp" 553
"../../../Engine/Content/MobileResources/HUD/MobileHUDDirectionStick.uasset" 554
"../../../Engine/Content/MobileResources/HUD/MobileHUDDirectionStick.uexp" 555
"../../../Engine/Content/MobileResources/HUD/T_Castle_ThumbstickInner.uasset" 556
"../../../Engine/Content/MobileResources/HUD/T_Castle_ThumbstickInner.uexp" 557
"../../../Engine/Content/MobileResources/HUD/T_Castle_ThumbstickOutter.uasset" 558
"../../../Engine/Content/MobileResources/HUD/T_Castle_ThumbstickOutter.uexp" 559
"../../../Engine/Content/Tutorial/ContentIntroCurve.uasset" 560
"../../../Engine/Content/Tutorial/ContentIntroCurve.uexp" 561
"../../../Engine/Content/Tutorial/Basics/TutorialAssets/icon_tab_Levels_40x.uasset" 562
"../../../Engine/Content/Tutorial/Basics/TutorialAssets/icon_tab_Levels_40x.uexp" 563
"../../../Engine/Content/Tutorial/Basics/TutorialAssets/CameraActor_64x.uasset" 564
"../../../Engine/Content/Tutorial/Basics/TutorialAssets/CameraActor_64x.uexp" 565
"../../../Engine/Content/Tutorial/BlueprintTutorials/TutorialAssets/Blueprint_64x.uasset" 566
"../../../Engine/Content/Tutorial/BlueprintTutorials/TutorialAssets/Blueprint_64x.uexp" 567
"../../../Engine/Content/Tutorial/Landscape/TutorialAssets/Landscape.uasset" 568
"../../../Engine/Content/Tutorial/Landscape/TutorialAssets/Landscape.uexp" 569
"../../../Engine/Content/VREditor/TransformGizmo/TranslucentTransformGizmoMaterial.uasset" 570
"../../../Engine/Content/VREditor/TransformGizmo/TranslucentTransformGizmoMaterial.uexp" 571
"../../../Engine/Content/VREditor/LaserPointer/VR_LaserPower_01.uasset" 572
"../../../Engine/Content/VREditor/LaserPointer/VR_LaserPower_01.uexp" 573
"../../../Engine/Content/VREditor/LaserPointer/VR_LaserPower_01.ubulk" 574
"../../../Engine/Content/VREditor/TransformGizmo/TransformGizmoMaterial.uasset" 575
"../../../Engine/Content/VREditor/TransformGizmo/TransformGizmoMaterial.uexp" 576
"../../../Engine/Content/VREditor/TransformGizmo/BoundingBoxCorner.uasset" 577
"../../../Engine/Content/VREditor/TransformGizmo/BoundingBoxCorner.uexp" 578
"../../../Engine/Content/VREditor/TransformGizmo/BoundingBoxEdge.uasset" 579
"../../../Engine/Content/VREditor/TransformGizmo/BoundingBoxEdge.uexp" 580
"../../../Engine/Content/VREditor/TransformGizmo/PlaneTranslationHandle.uasset" 581
"../../../Engine/Content/VREditor/TransformGizmo/PlaneTranslationHandle.uexp" 582
"../../../Engine/Content/VREditor/TransformGizmo/Xray.uasset" 583
"../../../Engine/Content/VREditor/TransformGizmo/Xray.uexp" 584
"../../../Engine/Content/VREditor/TransformGizmo/Main.uasset" 585
"../../../Engine/Content/VREditor/TransformGizmo/Main.uexp" 586
"../../../Engine/Content/VREditor/TransformGizmo/SM_Sequencer_Key.uasset" 587
"../../../Engine/Content/VREditor/TransformGizmo/SM_Sequencer_Key.uexp" 588
"../../../Engine/Content/VREditor/TransformGizmo/SM_Sequencer_Node.uasset" 589
"../../../Engine/Content/VREditor/TransformGizmo/SM_Sequencer_Node.uexp" 590
"../../../Engine/Plugins/2D/Paper2D/Content/PlaceholderTextures/DummySpriteTexture.uasset" 591
"../../../Engine/Plugins/2D/Paper2D/Content/PlaceholderTextures/DummySpriteTexture.uexp" 592
"../../../Engine/Plugins/2D/Paper2D/Content/PlaceholderTextures/DummySpriteTexture.ubulk" 593
"../../../Engine/Plugins/2D/Paper2D/Content/DummySprite.uasset" 594
"../../../Engine/Plugins/2D/Paper2D/Content/DummySprite.uexp" 595
"../../../Engine/Plugins/2D/Paper2D/Content/DefaultPaperTerrainMaterial.uasset" 596
"../../../Engine/Plugins/2D/Paper2D/Content/DefaultPaperTerrainMaterial.uexp" 597
"../../../Engine/Plugins/2D/Paper2D/Content/DefaultSpriteMaterial.uasset" 598
"../../../Engine/Plugins/2D/Paper2D/Content/DefaultSpriteMaterial.uexp" 599
"../../../Engine/Plugins/2D/Paper2D/Content/MaskedUnlitSpriteMaterial.uasset" 600
"../../../Engine/Plugins/2D/Paper2D/Content/MaskedUnlitSpriteMaterial.uexp" 601
"../../../Engine/Plugins/2D/Paper2D/Content/OpaqueUnlitSpriteMaterial.uasset" 602
"../../../Engine/Plugins/2D/Paper2D/Content/OpaqueUnlitSpriteMaterial.uexp" 603
"../../../Engine/Content/Functions/Engine_MaterialFunctions02/Utility/VectorLength.uasset" 604
"../../../Engine/Content/Functions/Engine_MaterialFunctions02/Utility/VectorLength.uexp" 605
"../../../Engine/Content/Functions/Engine_MaterialFunctions02/ObjectLocalBounds.uasset" 606
"../../../Engine/Content/Functions/Engine_MaterialFunctions02/ObjectLocalBounds.uexp" 607
"../../../Engine/Content/Functions/Engine_MaterialFunctions02/Utility/BreakOutFloat3Components.uasset" 608
"../../../Engine/Content/Functions/Engine_MaterialFunctions02/Utility/BreakOutFloat3Components.uexp" 609
"../../../Engine/Plugins/Editor/SpeedTreeImporter/Content/SpeedTree9/UnpackInteger3.uasset" 610
"../../../Engine/Plugins/Editor/SpeedTreeImporter/Content/SpeedTree9/UnpackInteger3.uexp" 611
"../../../Engine/Plugins/Editor/SpeedTreeImporter/Content/SpeedTree9/UnpackDirection.uasset" 612
"../../../Engine/Plugins/Editor/SpeedTreeImporter/Content/SpeedTree9/UnpackDirection.uexp" 613
"../../../Engine/Plugins/Editor/SpeedTreeImporter/Content/SpeedTree9/game_wind_noise.uasset" 614
"../../../Engine/Plugins/Editor/SpeedTreeImporter/Content/SpeedTree9/game_wind_noise.uexp" 615
"../../../Engine/Plugins/Editor/SpeedTreeImporter/Content/SpeedTree9/game_wind_noise.ubulk" 616
"../../../Engine/Content/Functions/Engine_MaterialFunctions02/SafeNormalize.uasset" 617
"../../../Engine/Content/Functions/Engine_MaterialFunctions02/SafeNormalize.uexp" 618
"../../../Engine/Plugins/Editor/SpeedTreeImporter/Content/SpeedTree9/SpeedTreeWindMotion.uasset" 619
"../../../Engine/Plugins/Editor/SpeedTreeImporter/Content/SpeedTree9/SpeedTreeWindMotion.uexp" 620
"../../../Engine/Plugins/Editor/SpeedTreeImporter/Content/SpeedTree9/SpeedTreeBranchMotion.uasset" 621
"../../../Engine/Plugins/Editor/SpeedTreeImporter/Content/SpeedTree9/SpeedTreeBranchMotion.uexp" 622
"../../../Engine/Content/Functions/Engine_MaterialFunctions02/UVs/BoundingBoxBased_0-1_UVW.uasset" 623
"../../../Engine/Content/Functions/Engine_MaterialFunctions02/UVs/BoundingBoxBased_0-1_UVW.uexp" 624
"../../../Engine/Content/Functions/Engine_MaterialFunctions02/WorldPositionOffset/ObjectScale.uasset" 625
"../../../Engine/Content/Functions/Engine_MaterialFunctions02/WorldPositionOffset/ObjectScale.uexp" 626
"../../../Engine/Plugins/Editor/SpeedTreeImporter/Content/SpeedTree9/SpeedTreeWind.uasset" 627
"../../../Engine/Plugins/Editor/SpeedTreeImporter/Content/SpeedTree9/SpeedTreeWind.uexp" 628
"../../../Engine/Plugins/Editor/SpeedTreeImporter/Content/SpeedTree9/SpeedTreeBillboard.uasset" 629
"../../../Engine/Plugins/Editor/SpeedTreeImporter/Content/SpeedTree9/SpeedTreeBillboard.uexp" 630
"../../../Engine/Plugins/Editor/SpeedTreeImporter/Content/SpeedTree9/EmptyNormal.uasset" 631
"../../../Engine/Plugins/Editor/SpeedTreeImporter/Content/SpeedTree9/EmptyNormal.uexp" 632
"../../../Engine/Plugins/Editor/SpeedTreeImporter/Content/SpeedTree9/Empty.uasset" 633
"../../../Engine/Plugins/Editor/SpeedTreeImporter/Content/SpeedTree9/Empty.uexp" 634
"../../../Engine/Plugins/Editor/SpeedTreeImporter/Content/SpeedTree9/SpeedTreeBillboardMaster.uasset" 635
"../../../Engine/Plugins/Editor/SpeedTreeImporter/Content/SpeedTree9/SpeedTreeBillboardMaster.uexp" 636
"../../../Engine/Plugins/Editor/SpeedTreeImporter/Content/SpeedTree9/SpeedTreeCameraFacing.uasset" 637
"../../../Engine/Plugins/Editor/SpeedTreeImporter/Content/SpeedTree9/SpeedTreeCameraFacing.uexp" 638
"../../../Engine/Plugins/Editor/SpeedTreeImporter/Content/SpeedTree9/SpeedTreeMaster.uasset" 639
"../../../Engine/Plugins/Editor/SpeedTreeImporter/Content/SpeedTree9/SpeedTreeMaster.uexp" 640
"../../../Engine/Content/BasicShapes/Cylinder.uasset" 641
"../../../Engine/Content/BasicShapes/Cylinder.uexp" 642
"../../../Engine/Content/ArtTools/RenderToTexture/Materials/Debug/M_Emissive_Color.uasset" 643
"../../../Engine/Content/ArtTools/RenderToTexture/Materials/Debug/M_Emissive_Color.uexp" 644
"../../../Engine/Plugins/Lumin/MagicLeapPassableWorld/Content/MagicLeapARPinInfoActor.uasset" 645
"../../../Engine/Plugins/Lumin/MagicLeapPassableWorld/Content/MagicLeapARPinInfoActor.uexp" 646
"../../../Engine/Plugins/Runtime/OpenXR/Content/Devices/GoogleDaydream/MRTexture.uasset" 647
"../../../Engine/Plugins/Runtime/OpenXR/Content/Devices/GoogleDaydream/MRTexture.uexp" 648
"../../../Engine/Plugins/Runtime/OpenXR/Content/Devices/GoogleDaydream/MRTexture.ubulk" 649
"../../../Engine/Plugins/Runtime/OpenXR/Content/Devices/GoogleDaydream/BaseTexture.uasset" 650
"../../../Engine/Plugins/Runtime/OpenXR/Content/Devices/GoogleDaydream/BaseTexture.uexp" 651
"../../../Engine/Plugins/Runtime/OpenXR/Content/Devices/GoogleDaydream/BaseTexture.ubulk" 652
"../../../Engine/Content/EngineResources/Black.uasset" 653
"../../../Engine/Content/EngineResources/Black.uexp" 654
"../../../Engine/Plugins/Runtime/OpenXR/Content/Devices/M_XRController.uasset" 655
"../../../Engine/Plugins/Runtime/OpenXR/Content/Devices/M_XRController.uexp" 656
"../../../Engine/Plugins/Runtime/OpenXR/Content/Devices/GoogleDaydream/MI_GoogleDaydream.uasset" 657
"../../../Engine/Plugins/Runtime/OpenXR/Content/Devices/GoogleDaydream/MI_GoogleDaydream.uexp" 658
"../../../Engine/Plugins/Runtime/OpenXR/Content/Devices/GoogleDaydream/GoogleDaydreamController.uasset" 659
"../../../Engine/Plugins/Runtime/OpenXR/Content/Devices/GoogleDaydream/GoogleDaydreamController.uexp" 660
"../../../Engine/Plugins/Runtime/OpenXR/Content/Devices/HTCVive/BaseTexture.uasset" 661
"../../../Engine/Plugins/Runtime/OpenXR/Content/Devices/HTCVive/BaseTexture.uexp" 662
"../../../Engine/Plugins/Runtime/OpenXR/Content/Devices/HTCVive/BaseTexture.ubulk" 663
"../../../Engine/Plugins/Runtime/OpenXR/Content/Devices/HTCVive/MI_HTCVive.uasset" 664
"../../../Engine/Plugins/Runtime/OpenXR/Content/Devices/HTCVive/MI_HTCVive.uexp" 665
"../../../Engine/Plugins/Runtime/OpenXR/Content/Devices/HTCVive/HTCViveController.uasset" 666
"../../../Engine/Plugins/Runtime/OpenXR/Content/Devices/HTCVive/HTCViveController.uexp" 667
"../../../Engine/Plugins/Runtime/OpenXR/Content/Devices/MicrosoftMixedReality/NormalTexture.uasset" 668
"../../../Engine/Plugins/Runtime/OpenXR/Content/Devices/MicrosoftMixedReality/NormalTexture.uexp" 669
"../../../Engine/Plugins/Runtime/OpenXR/Content/Devices/MicrosoftMixedReality/NormalTexture.ubulk" 670
"../../../Engine/Plugins/Runtime/OpenXR/Content/Devices/MicrosoftMixedReality/MRTexture.uasset" 671
"../../../Engine/Plugins/Runtime/OpenXR/Content/Devices/MicrosoftMixedReality/MRTexture.uexp" 672
"../../../Engine/Plugins/Runtime/OpenXR/Content/Devices/MicrosoftMixedReality/MRTexture.ubulk" 673
"../../../Engine/Plugins/Runtime/OpenXR/Content/Devices/MicrosoftMixedReality/EmissiveTexture.uasset" 674
"../../../Engine/Plugins/Runtime/OpenXR/Content/Devices/MicrosoftMixedReality/EmissiveTexture.uexp" 675
"../../../Engine/Plugins/Runtime/OpenXR/Content/Devices/MicrosoftMixedReality/EmissiveTexture.ubulk" 676
"../../../Engine/Plugins/Runtime/OpenXR/Content/Devices/MicrosoftMixedReality/BaseTexture.uasset" 677
"../../../Engine/Plugins/Runtime/OpenXR/Content/Devices/MicrosoftMixedReality/BaseTexture.uexp" 678
"../../../Engine/Plugins/Runtime/OpenXR/Content/Devices/MicrosoftMixedReality/BaseTexture.ubulk" 679
"../../../Engine/Plugins/Runtime/OpenXR/Content/Devices/MicrosoftMixedReality/MI_MicrosoftMixedReality.uasset" 680
"../../../Engine/Plugins/Runtime/OpenXR/Content/Devices/MicrosoftMixedReality/MI_MicrosoftMixedReality.uexp" 681
"../../../Engine/Plugins/Runtime/OpenXR/Content/Devices/MicrosoftMixedReality/Left/left_MicrosoftMixedRealityController.uasset" 682
"../../../Engine/Plugins/Runtime/OpenXR/Content/Devices/MicrosoftMixedReality/Left/left_MicrosoftMixedRealityController.uexp" 683
"../../../Engine/Plugins/Runtime/OpenXR/Content/Devices/MicrosoftMixedReality/Right/right_MicrosoftMixedRealityController.uasset" 684
"../../../Engine/Plugins/Runtime/OpenXR/Content/Devices/MicrosoftMixedReality/Right/right_MicrosoftMixedRealityController.uexp" 685
"../../../Engine/Plugins/Runtime/OpenXR/Content/Devices/OculusGo/BaseTexture.uasset" 686
"../../../Engine/Plugins/Runtime/OpenXR/Content/Devices/OculusGo/BaseTexture.uexp" 687
"../../../Engine/Plugins/Runtime/OpenXR/Content/Devices/OculusGo/BaseTexture.ubulk" 688
"../../../Engine/Plugins/Runtime/OpenXR/Content/Devices/OculusGo/MI_OculusGo.uasset" 689
"../../../Engine/Plugins/Runtime/OpenXR/Content/Devices/OculusGo/MI_OculusGo.uexp" 690
"../../../Engine/Plugins/Runtime/OpenXR/Content/Devices/OculusGo/OculusGoController.uasset" 691
"../../../Engine/Plugins/Runtime/OpenXR/Content/Devices/OculusGo/OculusGoController.uexp" 692
"../../../Engine/Plugins/Runtime/OpenXR/Content/Devices/OculusTouch/MRTexture.uasset" 693
"../../../Engine/Plugins/Runtime/OpenXR/Content/Devices/OculusTouch/MRTexture.uexp" 694
"../../../Engine/Plugins/Runtime/OpenXR/Content/Devices/OculusTouch/MRTexture.ubulk" 695
"../../../Engine/Plugins/Runtime/OpenXR/Content/Devices/OculusTouch/BaseTexture.uasset" 696
"../../../Engine/Plugins/Runtime/OpenXR/Content/Devices/OculusTouch/BaseTexture.uexp" 697
"../../../Engine/Plugins/Runtime/OpenXR/Content/Devices/OculusTouch/BaseTexture.ubulk" 698
"../../../Engine/Plugins/Runtime/OpenXR/Content/Devices/OculusTouch/MI_OculusTouch.uasset" 699
"../../../Engine/Plugins/Runtime/OpenXR/Content/Devices/OculusTouch/MI_OculusTouch.uexp" 700
"../../../Engine/Plugins/Runtime/OpenXR/Content/Devices/OculusTouch/Left/left_OculusTouchController.uasset" 701
"../../../Engine/Plugins/Runtime/OpenXR/Content/Devices/OculusTouch/Left/left_OculusTouchController.uexp" 702
"../../../Engine/Plugins/Runtime/OpenXR/Content/Devices/OculusTouch/Right/right_OculusTouchController.uasset" 703
"../../../Engine/Plugins/Runtime/OpenXR/Content/Devices/OculusTouch/Right/right_OculusTouchController.uexp" 704
"../../../Engine/Plugins/Runtime/OpenXR/Content/Devices/OculusTouch_v2/MRTexture.uasset" 705
"../../../Engine/Plugins/Runtime/OpenXR/Content/Devices/OculusTouch_v2/MRTexture.uexp" 706
"../../../Engine/Plugins/Runtime/OpenXR/Content/Devices/OculusTouch_v2/MRTexture.ubulk" 707
"../../../Engine/Plugins/Runtime/OpenXR/Content/Devices/OculusTouch_v2/BaseTexture.uasset" 708
"../../../Engine/Plugins/Runtime/OpenXR/Content/Devices/OculusTouch_v2/BaseTexture.uexp" 709
"../../../Engine/Plugins/Runtime/OpenXR/Content/Devices/OculusTouch_v2/BaseTexture.ubulk" 710
"../../../Engine/Plugins/Runtime/OpenXR/Content/Devices/OculusTouch_v2/MI_OculusTouch_v2.uasset" 711
"../../../Engine/Plugins/Runtime/OpenXR/Content/Devices/OculusTouch_v2/MI_OculusTouch_v2.uexp" 712
"../../../Engine/Plugins/Runtime/OpenXR/Content/Devices/OculusTouch_v2/Left/left_OculusTouch_v2Controller.uasset" 713
"../../../Engine/Plugins/Runtime/OpenXR/Content/Devices/OculusTouch_v2/Left/left_OculusTouch_v2Controller.uexp" 714
"../../../Engine/Plugins/Runtime/OpenXR/Content/Devices/OculusTouch_v2/Right/right_OculusTouch_v2Controller.uasset" 715
"../../../Engine/Plugins/Runtime/OpenXR/Content/Devices/OculusTouch_v2/Right/right_OculusTouch_v2Controller.uexp" 716
"../../../Engine/Plugins/Runtime/OpenXR/Content/Devices/OculusTouch_v3/MRTexture.uasset" 717
"../../../Engine/Plugins/Runtime/OpenXR/Content/Devices/OculusTouch_v3/MRTexture.uexp" 718
"../../../Engine/Plugins/Runtime/OpenXR/Content/Devices/OculusTouch_v3/MRTexture.ubulk" 719
"../../../Engine/Plugins/Runtime/OpenXR/Content/Devices/OculusTouch_v3/BaseTexture.uasset" 720
"../../../Engine/Plugins/Runtime/OpenXR/Content/Devices/OculusTouch_v3/BaseTexture.uexp" 721
"../../../Engine/Plugins/Runtime/OpenXR/Content/Devices/OculusTouch_v3/BaseTexture.ubulk" 722
"../../../Engine/Plugins/Runtime/OpenXR/Content/Devices/OculusTouch_v3/MI_OculusTouch_v3.uasset" 723
"../../../Engine/Plugins/Runtime/OpenXR/Content/Devices/OculusTouch_v3/MI_OculusTouch_v3.uexp" 724
"../../../Engine/Plugins/Runtime/OpenXR/Content/Devices/OculusTouch_v3/Left/left_OculusTouch_v3Controller.uasset" 725
"../../../Engine/Plugins/Runtime/OpenXR/Content/Devices/OculusTouch_v3/Left/left_OculusTouch_v3Controller.uexp" 726
"../../../Engine/Plugins/Runtime/OpenXR/Content/Devices/OculusTouch_v3/Right/right_OculusTouch_v3Controller.uasset" 727
"../../../Engine/Plugins/Runtime/OpenXR/Content/Devices/OculusTouch_v3/Right/right_OculusTouch_v3Controller.uexp" 728
"../../../Engine/Plugins/Runtime/OpenXR/Content/Devices/ValveIndex/MRTexture.uasset" 729
"../../../Engine/Plugins/Runtime/OpenXR/Content/Devices/ValveIndex/MRTexture.uexp" 730
"../../../Engine/Plugins/Runtime/OpenXR/Content/Devices/ValveIndex/MRTexture.ubulk" 731
"../../../Engine/Plugins/Runtime/OpenXR/Content/Devices/ValveIndex/BaseTexture.uasset" 732
"../../../Engine/Plugins/Runtime/OpenXR/Content/Devices/ValveIndex/BaseTexture.uexp" 733
"../../../Engine/Plugins/Runtime/OpenXR/Content/Devices/ValveIndex/BaseTexture.ubulk" 734
"../../../Engine/Plugins/Runtime/OpenXR/Content/Devices/ValveIndex/Left/MI_left_ValveIndex.uasset" 735
"../../../Engine/Plugins/Runtime/OpenXR/Content/Devices/ValveIndex/Left/MI_left_ValveIndex.uexp" 736
"../../../Engine/Plugins/Runtime/OpenXR/Content/Devices/ValveIndex/Left/left_ValveIndexController.uasset" 737
"../../../Engine/Plugins/Runtime/OpenXR/Content/Devices/ValveIndex/Left/left_ValveIndexController.uexp" 738
"../../../Engine/Plugins/Runtime/OpenXR/Content/Devices/ValveIndex/Right/MI_right_ValveIndex.uasset" 739
"../../../Engine/Plugins/Runtime/OpenXR/Content/Devices/ValveIndex/Right/MI_right_ValveIndex.uexp" 740
"../../../Engine/Plugins/Runtime/OpenXR/Content/Devices/ValveIndex/Right/right_ValveIndexController.uasset" 741
"../../../Engine/Plugins/Runtime/OpenXR/Content/Devices/ValveIndex/Right/right_ValveIndexController.uexp" 742
"../../../Engine/Content/Functions/Engine_MaterialFunctions02/Utility/BreakOutFloat4Components.uasset" 743
"../../../Engine/Content/Functions/Engine_MaterialFunctions02/Utility/BreakOutFloat4Components.uexp" 744
"../../../Engine/Content/Functions/Engine_MaterialFunctions02/Utility/MakeFloat3.uasset" 745
"../../../Engine/Content/Functions/Engine_MaterialFunctions02/Utility/MakeFloat3.uexp" 746
"../../../Engine/Plugins/Runtime/Oculus/OculusVR/Content/Materials/OculusMR_ChromaKey.uasset" 747
"../../../Engine/Plugins/Runtime/Oculus/OculusVR/Content/Materials/OculusMR_ChromaKey.uexp" 748
"../../../Engine/Plugins/Runtime/Oculus/OculusVR/Content/Materials/OculusMR_OpaqueColoredMaterial.uasset" 749
"../../../Engine/Plugins/Runtime/Oculus/OculusVR/Content/Materials/OculusMR_OpaqueColoredMaterial.uexp" 750
"../../../Engine/Plugins/Runtime/Oculus/OculusVR/Content/Materials/PokeAHoleMaterial.uasset" 751
"../../../Engine/Plugins/Runtime/Oculus/OculusVR/Content/Materials/PokeAHoleMaterial.uexp" 752
"../../../Engine/Plugins/Runtime/Oculus/OculusVR/Content/Textures/touchController_controlmap.uasset" 753
"../../../Engine/Plugins/Runtime/Oculus/OculusVR/Content/Textures/touchController_controlmap.uexp" 754
"../../../Engine/Plugins/Runtime/Oculus/OculusVR/Content/Textures/touchController_controlmap.ubulk" 755
"../../../Engine/Plugins/Runtime/Oculus/OculusVR/Content/Textures/touchController_albedo.uasset" 756
"../../../Engine/Plugins/Runtime/Oculus/OculusVR/Content/Textures/touchController_albedo.uexp" 757
"../../../Engine/Plugins/Runtime/Oculus/OculusVR/Content/Textures/touchController_albedo.ubulk" 758
"../../../Engine/Plugins/Runtime/Oculus/OculusVR/Content/Materials/touchController_mat.uasset" 759
"../../../Engine/Plugins/Runtime/Oculus/OculusVR/Content/Materials/touchController_mat.uexp" 760
"../../../Engine/Plugins/Runtime/Oculus/OculusVR/Content/Meshes/LeftTouchController.uasset" 761
"../../../Engine/Plugins/Runtime/Oculus/OculusVR/Content/Meshes/LeftTouchController.uexp" 762
"../../../Engine/Plugins/Runtime/Oculus/OculusVR/Content/Textures/TouchForQuestRiftSController_albedo.uasset" 763
"../../../Engine/Plugins/Runtime/Oculus/OculusVR/Content/Textures/TouchForQuestRiftSController_albedo.uexp" 764
"../../../Engine/Plugins/Runtime/Oculus/OculusVR/Content/Textures/TouchForQuestRiftSController_albedo.ubulk" 765
"../../../Engine/Plugins/Runtime/Oculus/OculusVR/Content/Materials/TouchForQuestRiftSControllerMaterial.uasset" 766
"../../../Engine/Plugins/Runtime/Oculus/OculusVR/Content/Materials/TouchForQuestRiftSControllerMaterial.uexp" 767
"../../../Engine/Plugins/Runtime/Oculus/OculusVR/Content/Meshes/LeftTouchForQuestRiftSController.uasset" 768
"../../../Engine/Plugins/Runtime/Oculus/OculusVR/Content/Meshes/LeftTouchForQuestRiftSController.uexp" 769
"../../../Engine/Plugins/Runtime/Oculus/OculusVR/Content/Meshes/RiftHMD.uasset" 770
"../../../Engine/Plugins/Runtime/Oculus/OculusVR/Content/Meshes/RiftHMD.uexp" 771
"../../../Engine/Plugins/Runtime/Oculus/OculusVR/Content/Meshes/RightTouchController.uasset" 772
"../../../Engine/Plugins/Runtime/Oculus/OculusVR/Content/Meshes/RightTouchController.uexp" 773
"../../../Engine/Plugins/Runtime/Oculus/OculusVR/Content/Meshes/RightTouchForQuestRiftSController.uasset" 774
"../../../Engine/Plugins/Runtime/Oculus/OculusVR/Content/Meshes/RightTouchForQuestRiftSController.uexp" 775
"../../../Engine/Content/BasicShapes/Cube.uasset" 776
"../../../Engine/Content/BasicShapes/Cube.uexp" 777
"E:/Programing Games/Just_Hit/Content/Levels/Main_Map_BuiltData.uasset" 778
"E:/Programing Games/Just_Hit/Content/Levels/Main_Map_BuiltData.uexp" 779
"E:/Programing Games/Just_Hit/Content/Levels/Main_Map_BuiltData.ubulk" 780
"E:/Programing Games/Just_Hit/Content/Data/Widget_BP/Time.uasset" 781
"E:/Programing Games/Just_Hit/Content/Data/Widget_BP/Time.uexp" 782
"E:/Programing Games/Just_Hit/Content/Data/Map_mesh/Material_007.uasset" 783
"E:/Programing Games/Just_Hit/Content/Data/Map_mesh/Material_007.uexp" 784
"E:/Programing Games/Just_Hit/Content/Data/Map_mesh/Shortcut.uasset" 785
"E:/Programing Games/Just_Hit/Content/Data/Map_mesh/Shortcut.uexp" 786
"E:/Programing Games/Just_Hit/Content/Data/Map_mesh/Material_006.uasset" 787
"E:/Programing Games/Just_Hit/Content/Data/Map_mesh/Material_006.uexp" 788
"E:/Programing Games/Just_Hit/Content/Data/Map_mesh/Material_005.uasset" 789
"E:/Programing Games/Just_Hit/Content/Data/Map_mesh/Material_005.uexp" 790
"E:/Programing Games/Just_Hit/Content/Data/Map_mesh/Material_004.uasset" 791
"E:/Programing Games/Just_Hit/Content/Data/Map_mesh/Material_004.uexp" 792
"E:/Programing Games/Just_Hit/Content/Data/Map_mesh/Material_003.uasset" 793
"E:/Programing Games/Just_Hit/Content/Data/Map_mesh/Material_003.uexp" 794
"E:/Programing Games/Just_Hit/Content/Data/Map_mesh/untitled.uasset" 795
"E:/Programing Games/Just_Hit/Content/Data/Map_mesh/untitled.uexp" 796
"E:/Programing Games/Just_Hit/Content/Data/Map_mesh/NewMaterial.uasset" 797
"E:/Programing Games/Just_Hit/Content/Data/Map_mesh/NewMaterial.uexp" 798
"E:/Programing Games/Just_Hit/Content/Levels/Main_Map.uexp" 799
"E:/Programing Games/Just_Hit/Content/Levels/Main_Map.umap" 800
"E:/Programing Games/Just_Hit/Content/Data/Widget_BP/Input_Method/Just_Hit_Logo.uasset" 801
"E:/Programing Games/Just_Hit/Content/Data/Widget_BP/Input_Method/Just_Hit_Logo.uexp" 802
"E:/Programing Games/Just_Hit/Content/Data/Widget_BP/Input_Method/Input_Method_P2.uasset" 803
"E:/Programing Games/Just_Hit/Content/Data/Widget_BP/Input_Method/Input_Method_P2.uexp" 804
"E:/Programing Games/Just_Hit/Content/Data/Widget_BP/Input_Method/Input_Method.uasset" 805
"E:/Programing Games/Just_Hit/Content/Data/Widget_BP/Input_Method/Input_Method.uexp" 806
"E:/Programing Games/Just_Hit/Content/Main_Menu_Game_Mode.uasset" 807
"E:/Programing Games/Just_Hit/Content/Main_Menu_Game_Mode.uexp" 808
"E:/Programing Games/Just_Hit/Content/Levels/Main_Menu.uexp" 809
"E:/Programing Games/Just_Hit/Content/Levels/Main_Menu.umap" 810
"../../../Engine/Content/Maps/Entry_BuiltData.uasset" 811
"../../../Engine/Content/Maps/Entry_BuiltData.uexp" 812
"../../../Engine/Content/Maps/Entry.uexp" 813
"../../../Engine/Content/Maps/Entry.umap" 814
